2023-08-12 17:23:49,221 - INFO - [Model_1_1] start
2023-08-12 17:23:49,244 - INFO - [Model_1_1] input_video_path: ../input_videos/video_1.mp4
2023-08-12 17:23:49,245 - INFO - [Model_1_1] output_video_path: ../output_videos/processed_video_1.mp4
2023-08-12 17:23:50,052 - INFO - [Model_1_2] start
2023-08-12 17:23:52,749 - INFO - [Model_1_1] frame_filename: output_frames_video_1/frame_2.jpg
2023-08-12 17:23:55,328 - INFO - [Model_1_1] rate: 0.163
2023-08-12 17:23:55,336 - INFO - [Model_1_2] input_video_path: ../input_videos/video_2.mp4
2023-08-12 17:23:55,337 - INFO - [Model_1_2] output_video_path: ../output_videos/processed_video_2.mp4
2023-08-12 17:23:55,434 - INFO - [Model_1_2] frame_filename: output_frames_video_2/frame_1.jpg
2023-08-12 17:23:57,771 - INFO - [Model_1_1] frame_filename: output_frames_video_1/frame_81.jpg
2023-08-12 17:24:00,550 - INFO - [Model_1_2] frame_filename: output_frames_video_2/frame_20.jpg
2023-08-12 17:24:02,805 - INFO - [Model_1_1] frame_filename: output_frames_video_1/frame_133.jpg
2023-08-12 17:24:05,336 - INFO - [Model_1_1] rate: 0.1
2023-08-12 17:24:05,596 - INFO - [Model_1_2] frame_filename: output_frames_video_2/frame_60.jpg
2023-08-12 17:24:07,831 - INFO - [Model_1_1] frame_filename: output_frames_video_1/frame_199.jpg
2023-08-12 17:24:10,620 - INFO - [Model_1_2] frame_filename: output_frames_video_2/frame_111.jpg
2023-08-12 17:24:11,528 - INFO - [Model_1_1] input_video_path: ../input_videos/video_3.mp4
2023-08-12 17:24:11,529 - INFO - [Model_1_1] output_video_path: ../output_videos/processed_video_3.mp4
2023-08-12 17:24:12,855 - INFO - [Model_1_1] frame_filename: output_frames_video_3/frame_15.jpg
2023-08-12 17:24:15,345 - INFO - [Model_1_1] rate: 0.1
2023-08-12 17:24:15,621 - INFO - [Model_1_2] frame_filename: output_frames_video_2/frame_162.jpg
2023-08-12 17:24:17,878 - INFO - [Model_1_1] frame_filename: output_frames_video_3/frame_73.jpg
2023-08-12 17:24:19,528 - INFO - [Model_1_1] input_video_path: ../input_videos/video_4.mp4
2023-08-12 17:24:19,529 - INFO - [Model_1_1] output_video_path: ../output_videos/processed_video_4.mp4
2023-08-12 17:24:20,681 - INFO - [Model_1_2] frame_filename: output_frames_video_2/frame_210.jpg
2023-08-12 17:24:22,908 - INFO - [Model_1_1] frame_filename: output_frames_video_4/frame_23.jpg
2023-08-12 17:24:25,352 - INFO - [Model_1_1] rate: 0.1
2023-08-12 17:24:25,359 - INFO - [Model_1_2] input_video_path: ../input_videos/video_5.mp4
2023-08-12 17:24:25,360 - INFO - [Model_1_2] output_video_path: ../output_videos/processed_video_5.mp4
2023-08-12 17:24:25,720 - INFO - [Model_1_2] frame_filename: output_frames_video_5/frame_3.jpg
2023-08-12 17:24:28,069 - INFO - [Model_1_1] frame_filename: output_frames_video_4/frame_59.jpg
2023-08-12 17:24:30,825 - INFO - [Model_1_2] frame_filename: output_frames_video_5/frame_37.jpg
2023-08-12 17:24:33,253 - INFO - [Model_1_1] frame_filename: output_frames_video_4/frame_89.jpg
2023-08-12 17:24:35,361 - INFO - [Model_1_1] rate: 0.1
2023-08-12 17:24:35,855 - INFO - [Model_1_2] frame_filename: output_frames_video_5/frame_69.jpg
2023-08-12 17:24:38,413 - INFO - [Model_1_1] frame_filename: output_frames_video_4/frame_121.jpg
2023-08-12 17:24:40,886 - INFO - [Model_1_2] frame_filename: output_frames_video_5/frame_98.jpg
2023-08-12 17:24:43,526 - INFO - [Model_1_1] frame_filename: output_frames_video_4/frame_148.jpg
2023-08-12 17:24:44,067 - INFO - [Model_1_1] input_video_path: ../input_videos/video_6.mp4
2023-08-12 17:24:44,068 - INFO - [Model_1_1] output_video_path: ../output_videos/processed_video_6.mp4
2023-08-12 17:24:45,369 - INFO - [Model_1_1] rate: 0.1
2023-08-12 17:24:45,897 - INFO - [Model_1_2] frame_filename: output_frames_video_5/frame_128.jpg
2023-08-12 17:24:48,571 - INFO - [Model_1_1] frame_filename: output_frames_video_6/frame_38.jpg
2023-08-12 17:24:50,907 - INFO - [Model_1_2] frame_filename: output_frames_video_5/frame_163.jpg
2023-08-12 17:24:53,575 - INFO - [Model_1_1] frame_filename: output_frames_video_6/frame_87.jpg
2023-08-12 17:24:55,383 - INFO - [Model_1_1] rate: 0.1
2023-08-12 17:24:56,034 - INFO - [Model_1_2] frame_filename: output_frames_video_5/frame_199.jpg
2023-08-12 17:24:58,668 - INFO - [Model_1_1] frame_filename: output_frames_video_6/frame_125.jpg
2023-08-12 17:25:01,230 - INFO - [Model_1_2] frame_filename: output_frames_video_5/frame_227.jpg
2023-08-12 17:25:03,740 - INFO - [Model_1_1] frame_filename: output_frames_video_6/frame_162.jpg
2023-08-12 17:25:05,423 - INFO - [Model_1_1] rate: 0.1
2023-08-12 17:25:06,379 - INFO - [Model_1_2] frame_filename: output_frames_video_5/frame_253.jpg
2023-08-12 17:25:08,768 - INFO - [Model_1_1] frame_filename: output_frames_video_6/frame_196.jpg
2023-08-12 17:25:11,435 - INFO - [Model_1_2] frame_filename: output_frames_video_5/frame_280.jpg
2023-08-12 17:25:13,788 - INFO - [Model_1_1] frame_filename: output_frames_video_6/frame_232.jpg
2023-08-12 17:25:15,400 - INFO - [Model_1_1] rate: 0.1
2023-08-12 17:25:15,624 - INFO - [Model_1_2] input_video_path: ../input_videos/video_7.mp4
2023-08-12 17:25:15,624 - INFO - [Model_1_2] output_video_path: ../output_videos/processed_video_7.mp4
2023-08-12 17:25:16,584 - INFO - [Model_1_2] frame_filename: output_frames_video_7/frame_7.jpg
2023-08-12 17:25:18,815 - INFO - [Model_1_1] frame_filename: output_frames_video_6/frame_268.jpg
2023-08-12 17:25:21,693 - INFO - [Model_1_2] frame_filename: output_frames_video_7/frame_41.jpg
2023-08-12 17:25:23,896 - INFO - [Model_1_1] frame_filename: output_frames_video_6/frame_307.jpg
2023-08-12 17:25:25,402 - INFO - [Model_1_1] rate: 0.1
2023-08-12 17:25:26,772 - INFO - [Model_1_2] frame_filename: output_frames_video_7/frame_85.jpg
2023-08-12 17:25:29,012 - INFO - [Model_1_1] frame_filename: output_frames_video_6/frame_350.jpg
2023-08-12 17:25:31,832 - INFO - [Model_1_2] frame_filename: output_frames_video_7/frame_128.jpg
2023-08-12 17:25:34,081 - INFO - [Model_1_1] frame_filename: output_frames_video_6/frame_394.jpg
2023-08-12 17:25:35,410 - INFO - [Model_1_1] rate: 0.1
2023-08-12 17:25:36,008 - INFO - [Model_1_2] input_video_path: ../input_videos/video_8.mp4
2023-08-12 17:25:36,009 - INFO - [Model_1_2] output_video_path: ../output_videos/processed_video_8.mp4
2023-08-12 17:25:36,834 - INFO - [Model_1_2] frame_filename: output_frames_video_8/frame_12.jpg
2023-08-12 17:25:39,148 - INFO - [Model_1_1] frame_filename: output_frames_video_6/frame_441.jpg
2023-08-12 17:25:41,895 - INFO - [Model_1_2] frame_filename: output_frames_video_8/frame_77.jpg
2023-08-12 17:25:44,174 - INFO - [Model_1_1] frame_filename: output_frames_video_6/frame_487.jpg
2023-08-12 17:25:45,417 - INFO - [Model_1_1] rate: 0.1
2023-08-12 17:25:46,900 - INFO - [Model_1_2] frame_filename: output_frames_video_8/frame_146.jpg
2023-08-12 17:25:49,281 - INFO - [Model_1_1] frame_filename: output_frames_video_6/frame_545.jpg
2023-08-12 17:25:49,589 - INFO - [Model_1_2] input_video_path: ../input_videos/video_9.mp4
2023-08-12 17:25:49,589 - INFO - [Model_1_2] output_video_path: ../output_videos/processed_video_9.mp4
2023-08-12 17:25:51,928 - INFO - [Model_1_2] frame_filename: output_frames_video_9/frame_23.jpg
2023-08-12 17:25:54,313 - INFO - [Model_1_1] frame_filename: output_frames_video_6/frame_592.jpg
2023-08-12 17:25:55,425 - INFO - [Model_1_1] rate: 0.1
2023-08-12 17:25:56,991 - INFO - [Model_1_2] frame_filename: output_frames_video_9/frame_76.jpg
2023-08-12 17:25:58,483 - INFO - [Model_1_1] input_video_path: ../input_videos/video_10.mp4
2023-08-12 17:25:58,484 - INFO - [Model_1_1] output_video_path: ../output_videos/processed_video_10.mp4
2023-08-12 17:25:59,349 - INFO - [Model_1_1] frame_filename: output_frames_video_10/frame_11.jpg
2023-08-12 17:26:00,272 - INFO - [Model_1_2] input_video_path: ../input_videos/video_11.mp4
2023-08-12 17:26:00,272 - INFO - [Model_1_2] output_video_path: ../output_videos/processed_video_11.mp4
2023-08-12 17:26:01,995 - INFO - [Model_1_2] frame_filename: output_frames_video_11/frame_31.jpg
2023-08-12 17:26:03,495 - INFO - [Model_1_2] input_video_path: ../input_videos/video_12.mp4
2023-08-12 17:26:03,496 - INFO - [Model_1_2] output_video_path: ../output_videos/processed_video_12.mp4
2023-08-12 17:26:04,355 - INFO - [Model_1_1] frame_filename: output_frames_video_10/frame_79.jpg
2023-08-12 17:26:05,432 - INFO - [Model_1_1] rate: 0.1
2023-08-12 17:26:07,045 - INFO - [Model_1_2] frame_filename: output_frames_video_12/frame_52.jpg
2023-08-12 17:26:09,405 - INFO - [Model_1_1] frame_filename: output_frames_video_10/frame_146.jpg
2023-08-12 17:26:12,098 - INFO - [Model_1_2] frame_filename: output_frames_video_12/frame_122.jpg
2023-08-12 17:26:14,458 - INFO - [Model_1_1] frame_filename: output_frames_video_10/frame_213.jpg
2023-08-12 17:26:17,103 - INFO - [Model_1_2] frame_filename: output_frames_video_12/frame_194.jpg
2023-08-12 17:26:19,508 - INFO - [Model_1_1] frame_filename: output_frames_video_10/frame_282.jpg
2023-08-12 17:26:21,034 - INFO - [Model_1_2] input_video_path: ../input_videos/video_13.mp4
2023-08-12 17:26:21,035 - INFO - [Model_1_2] output_video_path: ../output_videos/processed_video_13.mp4
2023-08-12 17:26:22,150 - INFO - [Model_1_2] frame_filename: output_frames_video_13/frame_12.jpg
2023-08-12 17:26:24,520 - INFO - [Model_1_1] frame_filename: output_frames_video_10/frame_348.jpg
2023-08-12 17:26:26,029 - INFO - [Model_1_1] input_video_path: ../input_videos/video_14.mp4
2023-08-12 17:26:26,029 - INFO - [Model_1_1] output_video_path: ../output_videos/processed_video_14.mp4
2023-08-12 17:26:27,227 - INFO - [Model_1_2] frame_filename: output_frames_video_13/frame_53.jpg
2023-08-12 17:26:29,546 - INFO - [Model_1_1] frame_filename: output_frames_video_14/frame_48.jpg
2023-08-12 17:26:32,233 - INFO - [Model_1_2] frame_filename: output_frames_video_13/frame_90.jpg
2023-08-12 17:26:34,585 - INFO - [Model_1_1] frame_filename: output_frames_video_14/frame_110.jpg
2023-08-12 17:26:37,235 - INFO - [Model_1_1] input_video_path: ../input_videos/video_15.mp4
2023-08-12 17:26:37,236 - INFO - [Model_1_1] output_video_path: ../output_videos/processed_video_15.mp4
2023-08-12 17:26:37,295 - INFO - [Model_1_2] frame_filename: output_frames_video_13/frame_127.jpg
2023-08-12 17:26:39,603 - INFO - [Model_1_1] frame_filename: output_frames_video_15/frame_33.jpg
2023-08-12 17:26:42,406 - INFO - [Model_1_2] frame_filename: output_frames_video_13/frame_176.jpg
2023-08-12 17:26:44,690 - INFO - [Model_1_1] frame_filename: output_frames_video_15/frame_103.jpg
2023-08-12 17:26:47,491 - INFO - [Model_1_2] frame_filename: output_frames_video_13/frame_223.jpg
2023-08-12 17:26:49,728 - INFO - [Model_1_1] frame_filename: output_frames_video_15/frame_172.jpg
2023-08-12 17:26:50,061 - INFO - [Model_1_1] end
2023-08-12 17:26:50,061 - INFO - [Model_1_1] self.end_signal.value: 1
2023-08-12 17:26:51,808 - INFO - [Model_1_2] end
2023-08-12 17:26:51,809 - INFO - [Model_1_2] self.end_signal.value: 0
